%!Adobe-FontList 1.14
%Locale:0x804

%BeginFont
Handler:DirectoryHandler
FontType:TrueType
FontName:CourierNewPSMT
FamilyName:Courier New
StyleName:Regular
FullName:Courier New
MenuName:Courier New
StyleBits:0
WritingScript:Roman
OutlineFileName:D:\xampp\htdocs\Blife\images\Font\cour.ttf
DataFormat:sfntData
FileLength:303296
FileModTime:1351215989
WeightClass:400
WidthClass:5
AngleClass:0
%EndFont

%BeginFont
Handler:DirectoryHandler
FontType:TrueType
FontName:TimesNewRomanPS-BoldMT
FamilyName:Times New Roman
StyleName:Bold
FullName:Times New Roman Bold
MenuName:Times New Roman
StyleBits:2
WritingScript:Roman
OutlineFileName:D:\xampp\htdocs\Blife\images\Font\TimesNewRomanBold.ttf
DataFormat:sfntData
FileLength:333900
FileModTime:1351215989
WeightClass:700
WidthClass:5
AngleClass:0
%EndFont

